MapEarthQuakeMap/app/build/intermediates/manifest_merge_blame_file/debug/manifest-merger-blame-debug-report.txt
1<?xml version="1.0" encoding="utf-8"?>
2<manifest xmlns:android="http://schemas.android.com/apk/res/android"
3    package="course.examples.maps.earthquakemap" >
4
5    <uses-sdk
6        android:minSdkVersion="23"
6-->src\main\AndroidManifest.xml
7        android:targetSdkVersion="29" />
7-->src\main\AndroidManifest.xml
8
9    <uses-permission android:name="android.permission.INTERNET" />
9-->src\main\AndroidManifest.xml:5:5-67
9-->src\main\AndroidManifest.xml:5:22-64
10
11    <!-- Include required permissions for Google Maps API to run. -->
12    <uses-permission android:name="android.permission.ACCESS_NETWORK_STATE" />
12-->[com.google.android.gms:play-services-maps:11.6.0] AndroidManifest.xml:19:5-78
12-->[com.google.android.gms:play-services-maps:11.6.0] AndroidManifest.xml:19:22-76
13
14    <uses-feature
14-->[com.google.android.gms:play-services-maps:11.6.0] AndroidManifest.xml:21:5-77
15        android:glEsVersion="0x00020000"
15-->[com.google.android.gms:play-services-maps:11.6.0] AndroidManifest.xml:21:19-51
16        android:required="true" />
16-->[com.google.android.gms:play-services-maps:11.6.0] AndroidManifest.xml:21:52-75
17
18    <application
18-->src\main\AndroidManifest.xml:7:5-36:19
19        android:allowBackup="true"
19-->src\main\AndroidManifest.xml:8:9-35
20        android:debuggable="true"
21        android:extractNativeLibs="false"
22        android:icon="@mipmap/ic_launcher"
22-->src\main\AndroidManifest.xml:9:9-43
23        android:label="@string/app_name"
23-->src\main\AndroidManifest.xml:10:9-41
24        android:testOnly="true"
25        android:theme="@style/MaterialTheme" >
25-->src\main\AndroidManifest.xml:11:9-45
26        <meta-data
26-->src\main\AndroidManifest.xml:13:9-15:55
27            android:name="com.google.android.geo.API_KEY"
27-->src\main\AndroidManifest.xml:14:13-58
28            android:value="@string/google_maps_key" />
28-->src\main\AndroidManifest.xml:15:13-52
29        <meta-data
29-->src\main\AndroidManifest.xml:17:9-19:68
30            android:name="com.google.android.gms.version"
30-->src\main\AndroidManifest.xml:18:13-58
31            android:value="@integer/google_play_services_version" />
31-->src\main\AndroidManifest.xml:19:13-66
32
33        <activity
33-->src\main\AndroidManifest.xml:21:9-29:20
34            android:name="course.examples.maps.earthquakemap.MainActivity"
34-->src\main\AndroidManifest.xml:22:13-41
35            android:label="@string/app_name" >
35-->src\main\AndroidManifest.xml:23:13-45
36            <intent-filter>
36-->src\main\AndroidManifest.xml:24:13-28:29
37                <action android:name="android.intent.action.MAIN" />
37-->src\main\AndroidManifest.xml:25:17-69
37-->src\main\AndroidManifest.xml:25:25-66
38
39                <category android:name="android.intent.category.LAUNCHER" />
39-->src\main\AndroidManifest.xml:27:17-77
39-->src\main\AndroidManifest.xml:27:27-74
40            </intent-filter>
41        </activity>
42        <activity
42-->src\main\AndroidManifest.xml:32:9-34:48
43            android:name="course.examples.maps.earthquakemap.MapsEarthquakeMapActivity"
43-->src\main\AndroidManifest.xml:33:13-54
44            android:label="@string/app_name" />
44-->src\main\AndroidManifest.xml:34:13-45
45        <activity
45-->[com.google.android.gms:play-services-base:11.6.0] AndroidManifest.xml:19:9-172
46            android:name="com.google.android.gms.common.api.GoogleApiActivity"
46-->[com.google.android.gms:play-services-base:11.6.0] AndroidManifest.xml:19:19-85
47            android:exported="false"
47-->[com.google.android.gms:play-services-base:11.6.0] AndroidManifest.xml:19:146-170
48            android:theme="@android:style/Theme.Translucent.NoTitleBar" />
48-->[com.google.android.gms:play-services-base:11.6.0] AndroidManifest.xml:19:86-145
49    </application>
50
51</manifest>